
=============================== Coverage summary ===============================
Statements   : 82.03% ( 507/618 )
Branches     : 79.35% ( 396/499 )
Functions    : 70.61% ( 185/262 )
Lines        : 84.31% ( 457/542 )
================================================================================
-------------------------|---------|----------|---------|---------|-----------------------------------------------------
File                     | % Stmts | % Branch | % Funcs | % Lines | Uncovered Line #s                                   
-------------------------|---------|----------|---------|---------|-----------------------------------------------------
All files                |   82.03 |    79.35 |   70.61 |   84.31 |                                                     
 src                     |     100 |       50 |     100 |     100 |                                                     
  App.tsx                |     100 |       50 |     100 |     100 | 16-21                                               
 src/components          |    87.5 |    85.18 |   78.12 |   89.33 |                                                     
  AppShell.tsx           |      76 |       75 |   72.72 |   80.95 | 54-55,75,171                                        
  Cards.tsx              |     100 |    71.42 |     100 |     100 | 108-110                                             
  FormField.tsx          |      75 |    80.95 |      50 |      75 | 86-87                                               
  MessageRow.tsx         |     100 |    88.88 |     100 |     100 | 23,50                                               
  SettingsSheet.tsx      |      90 |     87.5 |      80 |      90 | 51,64                                               
  TapButton.tsx          |     100 |    89.23 |     100 |     100 | 75,81,85,89-92,104,124                              
 src/hooks               |     100 |    66.66 |     100 |     100 |                                                     
  useAppTheme.ts         |     100 |    66.66 |     100 |     100 | 20-26                                               
 src/models              |     100 |      100 |     100 |     100 |                                                     
  types.ts               |     100 |      100 |     100 |     100 |                                                     
 src/navigation          |   62.06 |       80 |   44.73 |   65.45 |                                                     
  RootNavigator.tsx      |   63.15 |       80 |   44.73 |   66.66 | 89-95,107-109,116,124,133-134,180-203               
  types.ts               |       0 |      100 |     100 |       0 | 28                                                  
 src/screens             |   81.57 |    73.48 |   71.89 |   84.42 |                                                     
  ActivityScreen.tsx     |   59.09 |       55 |   36.36 |    61.9 | 108-121,142-157                                     
  AppointmentsScreen.tsx |    87.5 |    81.81 |   78.26 |   86.84 | 80,157-158,215,260                                  
  AuthScreens.tsx        |   98.18 |     92.3 |     100 |     100 | 32,53                                               
  DashboardScreen.tsx    |   81.13 |    70.58 |   72.72 |   85.86 | 169-201,262,276,339-344,372,385-395,464-465,508,536 
  DetailScreens.tsx      |   91.11 |    78.94 |      80 |   90.24 | 198,217,257-258                                     
  LandingScreen.tsx      |     100 |      100 |     100 |     100 |                                                     
  MedicationsScreen.tsx  |   86.44 |    82.35 |   77.77 |   89.58 | 102,194-195,244,280                                 
  MessagesScreen.tsx     |   46.34 |       50 |   43.75 |   54.54 | 78-79,111-125,133-169                               
 src/state               |   88.31 |    93.22 |      80 |   88.57 |                                                     
  AppState.tsx           |   88.31 |    93.22 |      80 |   88.57 | 48,192,199,217,237,244-248,294                      
 src/testing             |     100 |      100 |     100 |     100 |                                                     
  test-utils.tsx         |     100 |      100 |     100 |     100 |                                                     
 src/theme               |     100 |      100 |     100 |     100 |                                                     
  tokens.ts              |     100 |      100 |     100 |     100 |                                                     
 src/utils               |     100 |      100 |     100 |     100 |                                                     
  counts.ts              |     100 |      100 |     100 |     100 |                                                     
  format.ts              |     100 |      100 |     100 |     100 |                                                     
-------------------------|---------|----------|---------|---------|-----------------------------------------------------
node.exe : 
At line:1 char:1
+ & "C:\Program Files\nodejs/node.exe" "C:\Program Files\nodejs/node_mo ...
+ ~~~~~~~~~~~~~~~~~~~~~~~~~~~~~~~~~~~~~~~~~~~~~~~~~~~~~~~~~~~~~~~~~~~~~
    + CategoryInfo          : NotSpecified: (:String) [], RemoteException
    + FullyQualifiedErrorId : NativeCommandError
 
Test Suites: 14 passed, 14 total
Tests:       117 passed, 117 total
Snapshots:   0 total
Time:        18.965 s

